Terminales no usados en la gramática

    TK_CA
    TK_CC
    TK_MAS_IGUAL
    TK_MENOS_IGUAL
    TK_POR_IGUAL
    TK_DIVIDIR_IGUAL
    TK_PORCENTAJE_IGUAL
    TK_AND_IGUAL
    TK_OR_IGUAL
    TK_POTENCIA_IGUAL
    TK_MAYOR_MAYOR_IGUAL
    TK_MENOR_MENOR_IGUAL
    TK_DOSPUNTOS_IGUAL


Gramática

    0 $accept: inicio $end

    1 inicio: listainstrucciones

    2 listainstrucciones: listainstrucciones instruccion
    3                   | instruccion

    4 instruccion: IMPRIMIR
    5            | DECLARACION

    6 DECLARACION: TIPO ID TK_IGUAL expr
    7            | TIPO ID
    8            | TK_FINAL TIPO ID TK_IGUAL expr

    9 IMPRIMIR: TK_PRINT TK_PA expr TK_PC

   10 TIPO: TK_INT
   11     | TK_STRING
   12     | TK_FLOAT
   13     | TK_BOOL
   14     | TK_CHAR

   15 expr: TK_PA expr TK_PC
   16     | INT
   17     | DECIMAL
   18     | CARACTER
   19     | CADENA
   20     | BOOL
   21     | ID
   22     | ARITMETICOS
   23     | RELACIONALES
   24     | LOGICOS

   25 ARITMETICOS: expr TK_SUMA expr
   26            | expr TK_RESTA expr
   27            | expr TK_MULTIPLICACION expr
   28            | expr TK_DIVISION expr
   29            | expr TK_MODULAR expr

   30 RELACIONALES: expr TK_IGUAL_IGUAL expr
   31             | expr TK_DIFERENTE expr
   32             | expr TK_MAYOR_IGUAL expr
   33             | expr TK_MENOR_IGUAL expr
   34             | expr TK_MAYOR expr
   35             | expr TK_MENOR expr

   36 LOGICOS: expr TK_AND expr
   37        | expr TK_OR expr
   38        | TK_NOT expr


Terminales con las reglas donde aparecen

    $end (0) 0
    error (256)
    TK_PRINT (258) 9
    TK_INT (259) 10
    TK_FLOAT (260) 12
    TK_STRING (261) 11
    TK_BOOL (262) 13
    TK_CHAR (263) 14
    TK_FINAL (264) 8
    TK_PA (265) 9 15
    TK_PC (266) 9 15
    TK_CA (267)
    TK_CC (268)
    TK_MAYOR (269) 34
    TK_MENOR (270) 35
    TK_MAYOR_IGUAL (271) 32
    TK_MENOR_IGUAL (272) 33
    TK_AND (273) 36
    TK_OR (274) 37
    TK_NOT (275) 38
    TK_SUMA (276) 25
    TK_RESTA (277) 26
    TK_MULTIPLICACION (278) 27
    TK_DIVISION (279) 28
    TK_MODULAR (280) 29
    TK_IGUAL (281) 6 8
    TK_MAS_IGUAL (282)
    TK_MENOS_IGUAL (283)
    TK_POR_IGUAL (284)
    TK_DIVIDIR_IGUAL (285)
    TK_PORCENTAJE_IGUAL (286)
    TK_AND_IGUAL (287)
    TK_OR_IGUAL (288)
    TK_POTENCIA_IGUAL (289)
    TK_MAYOR_MAYOR_IGUAL (290)
    TK_MENOR_MENOR_IGUAL (291)
    TK_DOSPUNTOS_IGUAL (292)
    INT <str> (293) 16
    DECIMAL <str> (294) 17
    CARACTER <str> (295) 18
    CADENA <str> (296) 19
    ID <str> (297) 6 7 8 21
    BOOL <str> (298) 20
    TK_IGUAL_IGUAL (299) 30
    TK_DIFERENTE (300) 31


No terminales con las reglas donde aparecen

    $accept (46)
        on left: 0
    inicio <node> (47)
        on left: 1
        on right: 0
    listainstrucciones <node> (48)
        on left: 2 3
        on right: 1 2
    instruccion <node> (49)
        on left: 4 5
        on right: 2 3
    DECLARACION <node> (50)
        on left: 6 7 8
        on right: 5
    IMPRIMIR <node> (51)
        on left: 9
        on right: 4
    TIPO <node> (52)
        on left: 10 11 12 13 14
        on right: 6 7 8
    expr <node> (53)
        on left: 15 16 17 18 19 20 21 22 23 24
        on right: 6 8 9 15 25 26 27 28 29 30 31 32 33 34 35 36 37 38
    ARITMETICOS <node> (54)
        on left: 25 26 27 28 29
        on right: 22
    RELACIONALES <node> (55)
        on left: 30 31 32 33 34 35
        on right: 23
    LOGICOS <node> (56)
        on left: 36 37 38
        on right: 24


Estado 0

    0 $accept: • inicio $end

    TK_PRINT   desplazar e ir al estado 1
    TK_INT     desplazar e ir al estado 2
    TK_FLOAT   desplazar e ir al estado 3
    TK_STRING  desplazar e ir al estado 4
    TK_BOOL    desplazar e ir al estado 5
    TK_CHAR    desplazar e ir al estado 6
    TK_FINAL   desplazar e ir al estado 7

    inicio              ir al estado 8
    listainstrucciones  ir al estado 9
    instruccion         ir al estado 10
    DECLARACION         ir al estado 11
    IMPRIMIR            ir al estado 12
    TIPO                ir al estado 13


Estado 1

    9 IMPRIMIR: TK_PRINT • TK_PA expr TK_PC

    TK_PA  desplazar e ir al estado 14


Estado 2

   10 TIPO: TK_INT •

    $default  reduce usando la regla 10 (TIPO)


Estado 3

   12 TIPO: TK_FLOAT •

    $default  reduce usando la regla 12 (TIPO)


Estado 4

   11 TIPO: TK_STRING •

    $default  reduce usando la regla 11 (TIPO)


Estado 5

   13 TIPO: TK_BOOL •

    $default  reduce usando la regla 13 (TIPO)


Estado 6

   14 TIPO: TK_CHAR •

    $default  reduce usando la regla 14 (TIPO)


Estado 7

    8 DECLARACION: TK_FINAL • TIPO ID TK_IGUAL expr

    TK_INT     desplazar e ir al estado 2
    TK_FLOAT   desplazar e ir al estado 3
    TK_STRING  desplazar e ir al estado 4
    TK_BOOL    desplazar e ir al estado 5
    TK_CHAR    desplazar e ir al estado 6

    TIPO  ir al estado 15


Estado 8

    0 $accept: inicio • $end

    $end  desplazar e ir al estado 16


Estado 9

    1 inicio: listainstrucciones •
    2 listainstrucciones: listainstrucciones • instruccion

    TK_PRINT   desplazar e ir al estado 1
    TK_INT     desplazar e ir al estado 2
    TK_FLOAT   desplazar e ir al estado 3
    TK_STRING  desplazar e ir al estado 4
    TK_BOOL    desplazar e ir al estado 5
    TK_CHAR    desplazar e ir al estado 6
    TK_FINAL   desplazar e ir al estado 7

    $default  reduce usando la regla 1 (inicio)

    instruccion  ir al estado 17
    DECLARACION  ir al estado 11
    IMPRIMIR     ir al estado 12
    TIPO         ir al estado 13


Estado 10

    3 listainstrucciones: instruccion •

    $default  reduce usando la regla 3 (listainstrucciones)


Estado 11

    5 instruccion: DECLARACION •

    $default  reduce usando la regla 5 (instruccion)


Estado 12

    4 instruccion: IMPRIMIR •

    $default  reduce usando la regla 4 (instruccion)


Estado 13

    6 DECLARACION: TIPO • ID TK_IGUAL expr
    7            | TIPO • ID

    ID  desplazar e ir al estado 18


Estado 14

    9 IMPRIMIR: TK_PRINT TK_PA • expr TK_PC

    TK_PA     desplazar e ir al estado 19
    TK_NOT    desplazar e ir al estado 20
    INT       desplazar e ir al estado 21
    DECIMAL   desplazar e ir al estado 22
    CARACTER  desplazar e ir al estado 23
    CADENA    desplazar e ir al estado 24
    ID        desplazar e ir al estado 25
    BOOL      desplazar e ir al estado 26

    expr          ir al estado 27
    ARITMETICOS   ir al estado 28
    RELACIONALES  ir al estado 29
    LOGICOS       ir al estado 30


Estado 15

    8 DECLARACION: TK_FINAL TIPO • ID TK_IGUAL expr

    ID  desplazar e ir al estado 31


Estado 16

    0 $accept: inicio $end •

    $default  aceptar


Estado 17

    2 listainstrucciones: listainstrucciones instruccion •

    $default  reduce usando la regla 2 (listainstrucciones)


Estado 18

    6 DECLARACION: TIPO ID • TK_IGUAL expr
    7            | TIPO ID •

    TK_IGUAL  desplazar e ir al estado 32

    $default  reduce usando la regla 7 (DECLARACION)


Estado 19

   15 expr: TK_PA • expr TK_PC

    TK_PA     desplazar e ir al estado 19
    TK_NOT    desplazar e ir al estado 20
    INT       desplazar e ir al estado 21
    DECIMAL   desplazar e ir al estado 22
    CARACTER  desplazar e ir al estado 23
    CADENA    desplazar e ir al estado 24
    ID        desplazar e ir al estado 25
    BOOL      desplazar e ir al estado 26

    expr          ir al estado 33
    ARITMETICOS   ir al estado 28
    RELACIONALES  ir al estado 29
    LOGICOS       ir al estado 30


Estado 20

   38 LOGICOS: TK_NOT • expr

    TK_PA     desplazar e ir al estado 19
    TK_NOT    desplazar e ir al estado 20
    INT       desplazar e ir al estado 21
    DECIMAL   desplazar e ir al estado 22
    CARACTER  desplazar e ir al estado 23
    CADENA    desplazar e ir al estado 24
    ID        desplazar e ir al estado 25
    BOOL      desplazar e ir al estado 26

    expr          ir al estado 34
    ARITMETICOS   ir al estado 28
    RELACIONALES  ir al estado 29
    LOGICOS       ir al estado 30


Estado 21

   16 expr: INT •

    $default  reduce usando la regla 16 (expr)


Estado 22

   17 expr: DECIMAL •

    $default  reduce usando la regla 17 (expr)


Estado 23

   18 expr: CARACTER •

    $default  reduce usando la regla 18 (expr)


Estado 24

   19 expr: CADENA •

    $default  reduce usando la regla 19 (expr)


Estado 25

   21 expr: ID •

    $default  reduce usando la regla 21 (expr)


Estado 26

   20 expr: BOOL •

    $default  reduce usando la regla 20 (expr)


Estado 27

    9 IMPRIMIR: TK_PRINT TK_PA expr • TK_PC
   25 ARITMETICOS: expr • TK_SUMA expr
   26            | expr • TK_RESTA expr
   27            | expr • TK_MULTIPLICACION expr
   28            | expr • TK_DIVISION expr
   29            | expr • TK_MODULAR expr
   30 RELACIONALES: expr • TK_IGUAL_IGUAL expr
   31             | expr • TK_DIFERENTE expr
   32             | expr • TK_MAYOR_IGUAL expr
   33             | expr • TK_MENOR_IGUAL expr
   34             | expr • TK_MAYOR expr
   35             | expr • TK_MENOR expr
   36 LOGICOS: expr • TK_AND expr
   37        | expr • TK_OR expr

    TK_PC              desplazar e ir al estado 35
    TK_MAYOR           desplazar e ir al estado 36
    TK_MENOR           desplazar e ir al estado 37
    TK_MAYOR_IGUAL     desplazar e ir al estado 38
    TK_MENOR_IGUAL     desplazar e ir al estado 39
    TK_AND             desplazar e ir al estado 40
    TK_OR              desplazar e ir al estado 41
    TK_SUMA            desplazar e ir al estado 42
    TK_RESTA           desplazar e ir al estado 43
    TK_MULTIPLICACION  desplazar e ir al estado 44
    TK_DIVISION        desplazar e ir al estado 45
    TK_MODULAR         desplazar e ir al estado 46
    TK_IGUAL_IGUAL     desplazar e ir al estado 47
    TK_DIFERENTE       desplazar e ir al estado 48


Estado 28

   22 expr: ARITMETICOS •

    $default  reduce usando la regla 22 (expr)


Estado 29

   23 expr: RELACIONALES •

    $default  reduce usando la regla 23 (expr)


Estado 30

   24 expr: LOGICOS •

    $default  reduce usando la regla 24 (expr)


Estado 31

    8 DECLARACION: TK_FINAL TIPO ID • TK_IGUAL expr

    TK_IGUAL  desplazar e ir al estado 49


Estado 32

    6 DECLARACION: TIPO ID TK_IGUAL • expr

    TK_PA     desplazar e ir al estado 19
    TK_NOT    desplazar e ir al estado 20
    INT       desplazar e ir al estado 21
    DECIMAL   desplazar e ir al estado 22
    CARACTER  desplazar e ir al estado 23
    CADENA    desplazar e ir al estado 24
    ID        desplazar e ir al estado 25
    BOOL      desplazar e ir al estado 26

    expr          ir al estado 50
    ARITMETICOS   ir al estado 28
    RELACIONALES  ir al estado 29
    LOGICOS       ir al estado 30


Estado 33

   15 expr: TK_PA expr • TK_PC
   25 ARITMETICOS: expr • TK_SUMA expr
   26            | expr • TK_RESTA expr
   27            | expr • TK_MULTIPLICACION expr
   28            | expr • TK_DIVISION expr
   29            | expr • TK_MODULAR expr
   30 RELACIONALES: expr • TK_IGUAL_IGUAL expr
   31             | expr • TK_DIFERENTE expr
   32             | expr • TK_MAYOR_IGUAL expr
   33             | expr • TK_MENOR_IGUAL expr
   34             | expr • TK_MAYOR expr
   35             | expr • TK_MENOR expr
   36 LOGICOS: expr • TK_AND expr
   37        | expr • TK_OR expr

    TK_PC              desplazar e ir al estado 51
    TK_MAYOR           desplazar e ir al estado 36
    TK_MENOR           desplazar e ir al estado 37
    TK_MAYOR_IGUAL     desplazar e ir al estado 38
    TK_MENOR_IGUAL     desplazar e ir al estado 39
    TK_AND             desplazar e ir al estado 40
    TK_OR              desplazar e ir al estado 41
    TK_SUMA            desplazar e ir al estado 42
    TK_RESTA           desplazar e ir al estado 43
    TK_MULTIPLICACION  desplazar e ir al estado 44
    TK_DIVISION        desplazar e ir al estado 45
    TK_MODULAR         desplazar e ir al estado 46
    TK_IGUAL_IGUAL     desplazar e ir al estado 47
    TK_DIFERENTE       desplazar e ir al estado 48


Estado 34

   25 ARITMETICOS: expr • TK_SUMA expr
   26            | expr • TK_RESTA expr
   27            | expr • TK_MULTIPLICACION expr
   28            | expr • TK_DIVISION expr
   29            | expr • TK_MODULAR expr
   30 RELACIONALES: expr • TK_IGUAL_IGUAL expr
   31             | expr • TK_DIFERENTE expr
   32             | expr • TK_MAYOR_IGUAL expr
   33             | expr • TK_MENOR_IGUAL expr
   34             | expr • TK_MAYOR expr
   35             | expr • TK_MENOR expr
   36 LOGICOS: expr • TK_AND expr
   37        | expr • TK_OR expr
   38        | TK_NOT expr •

    TK_MAYOR           desplazar e ir al estado 36
    TK_MENOR           desplazar e ir al estado 37
    TK_MAYOR_IGUAL     desplazar e ir al estado 38
    TK_MENOR_IGUAL     desplazar e ir al estado 39
    TK_SUMA            desplazar e ir al estado 42
    TK_RESTA           desplazar e ir al estado 43
    TK_MULTIPLICACION  desplazar e ir al estado 44
    TK_DIVISION        desplazar e ir al estado 45
    TK_MODULAR         desplazar e ir al estado 46
    TK_IGUAL_IGUAL     desplazar e ir al estado 47
    TK_DIFERENTE       desplazar e ir al estado 48

    $default  reduce usando la regla 38 (LOGICOS)


Estado 35

    9 IMPRIMIR: TK_PRINT TK_PA expr TK_PC •

    $default  reduce usando la regla 9 (IMPRIMIR)


Estado 36

   34 RELACIONALES: expr TK_MAYOR • expr

    TK_PA     desplazar e ir al estado 19
    TK_NOT    desplazar e ir al estado 20
    INT       desplazar e ir al estado 21
    DECIMAL   desplazar e ir al estado 22
    CARACTER  desplazar e ir al estado 23
    CADENA    desplazar e ir al estado 24
    ID        desplazar e ir al estado 25
    BOOL      desplazar e ir al estado 26

    expr          ir al estado 52
    ARITMETICOS   ir al estado 28
    RELACIONALES  ir al estado 29
    LOGICOS       ir al estado 30


Estado 37

   35 RELACIONALES: expr TK_MENOR • expr

    TK_PA     desplazar e ir al estado 19
    TK_NOT    desplazar e ir al estado 20
    INT       desplazar e ir al estado 21
    DECIMAL   desplazar e ir al estado 22
    CARACTER  desplazar e ir al estado 23
    CADENA    desplazar e ir al estado 24
    ID        desplazar e ir al estado 25
    BOOL      desplazar e ir al estado 26

    expr          ir al estado 53
    ARITMETICOS   ir al estado 28
    RELACIONALES  ir al estado 29
    LOGICOS       ir al estado 30


Estado 38

   32 RELACIONALES: expr TK_MAYOR_IGUAL • expr

    TK_PA     desplazar e ir al estado 19
    TK_NOT    desplazar e ir al estado 20
    INT       desplazar e ir al estado 21
    DECIMAL   desplazar e ir al estado 22
    CARACTER  desplazar e ir al estado 23
    CADENA    desplazar e ir al estado 24
    ID        desplazar e ir al estado 25
    BOOL      desplazar e ir al estado 26

    expr          ir al estado 54
    ARITMETICOS   ir al estado 28
    RELACIONALES  ir al estado 29
    LOGICOS       ir al estado 30


Estado 39

   33 RELACIONALES: expr TK_MENOR_IGUAL • expr

    TK_PA     desplazar e ir al estado 19
    TK_NOT    desplazar e ir al estado 20
    INT       desplazar e ir al estado 21
    DECIMAL   desplazar e ir al estado 22
    CARACTER  desplazar e ir al estado 23
    CADENA    desplazar e ir al estado 24
    ID        desplazar e ir al estado 25
    BOOL      desplazar e ir al estado 26

    expr          ir al estado 55
    ARITMETICOS   ir al estado 28
    RELACIONALES  ir al estado 29
    LOGICOS       ir al estado 30


Estado 40

   36 LOGICOS: expr TK_AND • expr

    TK_PA     desplazar e ir al estado 19
    TK_NOT    desplazar e ir al estado 20
    INT       desplazar e ir al estado 21
    DECIMAL   desplazar e ir al estado 22
    CARACTER  desplazar e ir al estado 23
    CADENA    desplazar e ir al estado 24
    ID        desplazar e ir al estado 25
    BOOL      desplazar e ir al estado 26

    expr          ir al estado 56
    ARITMETICOS   ir al estado 28
    RELACIONALES  ir al estado 29
    LOGICOS       ir al estado 30


Estado 41

   37 LOGICOS: expr TK_OR • expr

    TK_PA     desplazar e ir al estado 19
    TK_NOT    desplazar e ir al estado 20
    INT       desplazar e ir al estado 21
    DECIMAL   desplazar e ir al estado 22
    CARACTER  desplazar e ir al estado 23
    CADENA    desplazar e ir al estado 24
    ID        desplazar e ir al estado 25
    BOOL      desplazar e ir al estado 26

    expr          ir al estado 57
    ARITMETICOS   ir al estado 28
    RELACIONALES  ir al estado 29
    LOGICOS       ir al estado 30


Estado 42

   25 ARITMETICOS: expr TK_SUMA • expr

    TK_PA     desplazar e ir al estado 19
    TK_NOT    desplazar e ir al estado 20
    INT       desplazar e ir al estado 21
    DECIMAL   desplazar e ir al estado 22
    CARACTER  desplazar e ir al estado 23
    CADENA    desplazar e ir al estado 24
    ID        desplazar e ir al estado 25
    BOOL      desplazar e ir al estado 26

    expr          ir al estado 58
    ARITMETICOS   ir al estado 28
    RELACIONALES  ir al estado 29
    LOGICOS       ir al estado 30


Estado 43

   26 ARITMETICOS: expr TK_RESTA • expr

    TK_PA     desplazar e ir al estado 19
    TK_NOT    desplazar e ir al estado 20
    INT       desplazar e ir al estado 21
    DECIMAL   desplazar e ir al estado 22
    CARACTER  desplazar e ir al estado 23
    CADENA    desplazar e ir al estado 24
    ID        desplazar e ir al estado 25
    BOOL      desplazar e ir al estado 26

    expr          ir al estado 59
    ARITMETICOS   ir al estado 28
    RELACIONALES  ir al estado 29
    LOGICOS       ir al estado 30


Estado 44

   27 ARITMETICOS: expr TK_MULTIPLICACION • expr

    TK_PA     desplazar e ir al estado 19
    TK_NOT    desplazar e ir al estado 20
    INT       desplazar e ir al estado 21
    DECIMAL   desplazar e ir al estado 22
    CARACTER  desplazar e ir al estado 23
    CADENA    desplazar e ir al estado 24
    ID        desplazar e ir al estado 25
    BOOL      desplazar e ir al estado 26

    expr          ir al estado 60
    ARITMETICOS   ir al estado 28
    RELACIONALES  ir al estado 29
    LOGICOS       ir al estado 30


Estado 45

   28 ARITMETICOS: expr TK_DIVISION • expr

    TK_PA     desplazar e ir al estado 19
    TK_NOT    desplazar e ir al estado 20
    INT       desplazar e ir al estado 21
    DECIMAL   desplazar e ir al estado 22
    CARACTER  desplazar e ir al estado 23
    CADENA    desplazar e ir al estado 24
    ID        desplazar e ir al estado 25
    BOOL      desplazar e ir al estado 26

    expr          ir al estado 61
    ARITMETICOS   ir al estado 28
    RELACIONALES  ir al estado 29
    LOGICOS       ir al estado 30


Estado 46

   29 ARITMETICOS: expr TK_MODULAR • expr

    TK_PA     desplazar e ir al estado 19
    TK_NOT    desplazar e ir al estado 20
    INT       desplazar e ir al estado 21
    DECIMAL   desplazar e ir al estado 22
    CARACTER  desplazar e ir al estado 23
    CADENA    desplazar e ir al estado 24
    ID        desplazar e ir al estado 25
    BOOL      desplazar e ir al estado 26

    expr          ir al estado 62
    ARITMETICOS   ir al estado 28
    RELACIONALES  ir al estado 29
    LOGICOS       ir al estado 30


Estado 47

   30 RELACIONALES: expr TK_IGUAL_IGUAL • expr

    TK_PA     desplazar e ir al estado 19
    TK_NOT    desplazar e ir al estado 20
    INT       desplazar e ir al estado 21
    DECIMAL   desplazar e ir al estado 22
    CARACTER  desplazar e ir al estado 23
    CADENA    desplazar e ir al estado 24
    ID        desplazar e ir al estado 25
    BOOL      desplazar e ir al estado 26

    expr          ir al estado 63
    ARITMETICOS   ir al estado 28
    RELACIONALES  ir al estado 29
    LOGICOS       ir al estado 30


Estado 48

   31 RELACIONALES: expr TK_DIFERENTE • expr

    TK_PA     desplazar e ir al estado 19
    TK_NOT    desplazar e ir al estado 20
    INT       desplazar e ir al estado 21
    DECIMAL   desplazar e ir al estado 22
    CARACTER  desplazar e ir al estado 23
    CADENA    desplazar e ir al estado 24
    ID        desplazar e ir al estado 25
    BOOL      desplazar e ir al estado 26

    expr          ir al estado 64
    ARITMETICOS   ir al estado 28
    RELACIONALES  ir al estado 29
    LOGICOS       ir al estado 30


Estado 49

    8 DECLARACION: TK_FINAL TIPO ID TK_IGUAL • expr

    TK_PA     desplazar e ir al estado 19
    TK_NOT    desplazar e ir al estado 20
    INT       desplazar e ir al estado 21
    DECIMAL   desplazar e ir al estado 22
    CARACTER  desplazar e ir al estado 23
    CADENA    desplazar e ir al estado 24
    ID        desplazar e ir al estado 25
    BOOL      desplazar e ir al estado 26

    expr          ir al estado 65
    ARITMETICOS   ir al estado 28
    RELACIONALES  ir al estado 29
    LOGICOS       ir al estado 30


Estado 50

    6 DECLARACION: TIPO ID TK_IGUAL expr •
   25 ARITMETICOS: expr • TK_SUMA expr
   26            | expr • TK_RESTA expr
   27            | expr • TK_MULTIPLICACION expr
   28            | expr • TK_DIVISION expr
   29            | expr • TK_MODULAR expr
   30 RELACIONALES: expr • TK_IGUAL_IGUAL expr
   31             | expr • TK_DIFERENTE expr
   32             | expr • TK_MAYOR_IGUAL expr
   33             | expr • TK_MENOR_IGUAL expr
   34             | expr • TK_MAYOR expr
   35             | expr • TK_MENOR expr
   36 LOGICOS: expr • TK_AND expr
   37        | expr • TK_OR expr

    TK_MAYOR           desplazar e ir al estado 36
    TK_MENOR           desplazar e ir al estado 37
    TK_MAYOR_IGUAL     desplazar e ir al estado 38
    TK_MENOR_IGUAL     desplazar e ir al estado 39
    TK_AND             desplazar e ir al estado 40
    TK_OR              desplazar e ir al estado 41
    TK_SUMA            desplazar e ir al estado 42
    TK_RESTA           desplazar e ir al estado 43
    TK_MULTIPLICACION  desplazar e ir al estado 44
    TK_DIVISION        desplazar e ir al estado 45
    TK_MODULAR         desplazar e ir al estado 46
    TK_IGUAL_IGUAL     desplazar e ir al estado 47
    TK_DIFERENTE       desplazar e ir al estado 48

    $default  reduce usando la regla 6 (DECLARACION)


Estado 51

   15 expr: TK_PA expr TK_PC •

    $default  reduce usando la regla 15 (expr)


Estado 52

   25 ARITMETICOS: expr • TK_SUMA expr
   26            | expr • TK_RESTA expr
   27            | expr • TK_MULTIPLICACION expr
   28            | expr • TK_DIVISION expr
   29            | expr • TK_MODULAR expr
   30 RELACIONALES: expr • TK_IGUAL_IGUAL expr
   31             | expr • TK_DIFERENTE expr
   32             | expr • TK_MAYOR_IGUAL expr
   33             | expr • TK_MENOR_IGUAL expr
   34             | expr • TK_MAYOR expr
   34             | expr TK_MAYOR expr •
   35             | expr • TK_MENOR expr
   36 LOGICOS: expr • TK_AND expr
   37        | expr • TK_OR expr

    TK_SUMA            desplazar e ir al estado 42
    TK_RESTA           desplazar e ir al estado 43
    TK_MULTIPLICACION  desplazar e ir al estado 44
    TK_DIVISION        desplazar e ir al estado 45
    TK_MODULAR         desplazar e ir al estado 46

    $default  reduce usando la regla 34 (RELACIONALES)


Estado 53

   25 ARITMETICOS: expr • TK_SUMA expr
   26            | expr • TK_RESTA expr
   27            | expr • TK_MULTIPLICACION expr
   28            | expr • TK_DIVISION expr
   29            | expr • TK_MODULAR expr
   30 RELACIONALES: expr • TK_IGUAL_IGUAL expr
   31             | expr • TK_DIFERENTE expr
   32             | expr • TK_MAYOR_IGUAL expr
   33             | expr • TK_MENOR_IGUAL expr
   34             | expr • TK_MAYOR expr
   35             | expr • TK_MENOR expr
   35             | expr TK_MENOR expr •
   36 LOGICOS: expr • TK_AND expr
   37        | expr • TK_OR expr

    TK_SUMA            desplazar e ir al estado 42
    TK_RESTA           desplazar e ir al estado 43
    TK_MULTIPLICACION  desplazar e ir al estado 44
    TK_DIVISION        desplazar e ir al estado 45
    TK_MODULAR         desplazar e ir al estado 46

    $default  reduce usando la regla 35 (RELACIONALES)


Estado 54

   25 ARITMETICOS: expr • TK_SUMA expr
   26            | expr • TK_RESTA expr
   27            | expr • TK_MULTIPLICACION expr
   28            | expr • TK_DIVISION expr
   29            | expr • TK_MODULAR expr
   30 RELACIONALES: expr • TK_IGUAL_IGUAL expr
   31             | expr • TK_DIFERENTE expr
   32             | expr • TK_MAYOR_IGUAL expr
   32             | expr TK_MAYOR_IGUAL expr •
   33             | expr • TK_MENOR_IGUAL expr
   34             | expr • TK_MAYOR expr
   35             | expr • TK_MENOR expr
   36 LOGICOS: expr • TK_AND expr
   37        | expr • TK_OR expr

    TK_SUMA            desplazar e ir al estado 42
    TK_RESTA           desplazar e ir al estado 43
    TK_MULTIPLICACION  desplazar e ir al estado 44
    TK_DIVISION        desplazar e ir al estado 45
    TK_MODULAR         desplazar e ir al estado 46

    $default  reduce usando la regla 32 (RELACIONALES)


Estado 55

   25 ARITMETICOS: expr • TK_SUMA expr
   26            | expr • TK_RESTA expr
   27            | expr • TK_MULTIPLICACION expr
   28            | expr • TK_DIVISION expr
   29            | expr • TK_MODULAR expr
   30 RELACIONALES: expr • TK_IGUAL_IGUAL expr
   31             | expr • TK_DIFERENTE expr
   32             | expr • TK_MAYOR_IGUAL expr
   33             | expr • TK_MENOR_IGUAL expr
   33             | expr TK_MENOR_IGUAL expr •
   34             | expr • TK_MAYOR expr
   35             | expr • TK_MENOR expr
   36 LOGICOS: expr • TK_AND expr
   37        | expr • TK_OR expr

    TK_SUMA            desplazar e ir al estado 42
    TK_RESTA           desplazar e ir al estado 43
    TK_MULTIPLICACION  desplazar e ir al estado 44
    TK_DIVISION        desplazar e ir al estado 45
    TK_MODULAR         desplazar e ir al estado 46

    $default  reduce usando la regla 33 (RELACIONALES)


Estado 56

   25 ARITMETICOS: expr • TK_SUMA expr
   26            | expr • TK_RESTA expr
   27            | expr • TK_MULTIPLICACION expr
   28            | expr • TK_DIVISION expr
   29            | expr • TK_MODULAR expr
   30 RELACIONALES: expr • TK_IGUAL_IGUAL expr
   31             | expr • TK_DIFERENTE expr
   32             | expr • TK_MAYOR_IGUAL expr
   33             | expr • TK_MENOR_IGUAL expr
   34             | expr • TK_MAYOR expr
   35             | expr • TK_MENOR expr
   36 LOGICOS: expr • TK_AND expr
   36        | expr TK_AND expr •
   37        | expr • TK_OR expr

    TK_MAYOR           desplazar e ir al estado 36
    TK_MENOR           desplazar e ir al estado 37
    TK_MAYOR_IGUAL     desplazar e ir al estado 38
    TK_MENOR_IGUAL     desplazar e ir al estado 39
    TK_SUMA            desplazar e ir al estado 42
    TK_RESTA           desplazar e ir al estado 43
    TK_MULTIPLICACION  desplazar e ir al estado 44
    TK_DIVISION        desplazar e ir al estado 45
    TK_MODULAR         desplazar e ir al estado 46
    TK_IGUAL_IGUAL     desplazar e ir al estado 47
    TK_DIFERENTE       desplazar e ir al estado 48

    $default  reduce usando la regla 36 (LOGICOS)


Estado 57

   25 ARITMETICOS: expr • TK_SUMA expr
   26            | expr • TK_RESTA expr
   27            | expr • TK_MULTIPLICACION expr
   28            | expr • TK_DIVISION expr
   29            | expr • TK_MODULAR expr
   30 RELACIONALES: expr • TK_IGUAL_IGUAL expr
   31             | expr • TK_DIFERENTE expr
   32             | expr • TK_MAYOR_IGUAL expr
   33             | expr • TK_MENOR_IGUAL expr
   34             | expr • TK_MAYOR expr
   35             | expr • TK_MENOR expr
   36 LOGICOS: expr • TK_AND expr
   37        | expr • TK_OR expr
   37        | expr TK_OR expr •

    TK_MAYOR           desplazar e ir al estado 36
    TK_MENOR           desplazar e ir al estado 37
    TK_MAYOR_IGUAL     desplazar e ir al estado 38
    TK_MENOR_IGUAL     desplazar e ir al estado 39
    TK_AND             desplazar e ir al estado 40
    TK_SUMA            desplazar e ir al estado 42
    TK_RESTA           desplazar e ir al estado 43
    TK_MULTIPLICACION  desplazar e ir al estado 44
    TK_DIVISION        desplazar e ir al estado 45
    TK_MODULAR         desplazar e ir al estado 46
    TK_IGUAL_IGUAL     desplazar e ir al estado 47
    TK_DIFERENTE       desplazar e ir al estado 48

    $default  reduce usando la regla 37 (LOGICOS)


Estado 58

   25 ARITMETICOS: expr • TK_SUMA expr
   25            | expr TK_SUMA expr •
   26            | expr • TK_RESTA expr
   27            | expr • TK_MULTIPLICACION expr
   28            | expr • TK_DIVISION expr
   29            | expr • TK_MODULAR expr
   30 RELACIONALES: expr • TK_IGUAL_IGUAL expr
   31             | expr • TK_DIFERENTE expr
   32             | expr • TK_MAYOR_IGUAL expr
   33             | expr • TK_MENOR_IGUAL expr
   34             | expr • TK_MAYOR expr
   35             | expr • TK_MENOR expr
   36 LOGICOS: expr • TK_AND expr
   37        | expr • TK_OR expr

    TK_MULTIPLICACION  desplazar e ir al estado 44
    TK_DIVISION        desplazar e ir al estado 45
    TK_MODULAR         desplazar e ir al estado 46

    $default  reduce usando la regla 25 (ARITMETICOS)


Estado 59

   25 ARITMETICOS: expr • TK_SUMA expr
   26            | expr • TK_RESTA expr
   26            | expr TK_RESTA expr •
   27            | expr • TK_MULTIPLICACION expr
   28            | expr • TK_DIVISION expr
   29            | expr • TK_MODULAR expr
   30 RELACIONALES: expr • TK_IGUAL_IGUAL expr
   31             | expr • TK_DIFERENTE expr
   32             | expr • TK_MAYOR_IGUAL expr
   33             | expr • TK_MENOR_IGUAL expr
   34             | expr • TK_MAYOR expr
   35             | expr • TK_MENOR expr
   36 LOGICOS: expr • TK_AND expr
   37        | expr • TK_OR expr

    TK_MULTIPLICACION  desplazar e ir al estado 44
    TK_DIVISION        desplazar e ir al estado 45
    TK_MODULAR         desplazar e ir al estado 46

    $default  reduce usando la regla 26 (ARITMETICOS)


Estado 60

   25 ARITMETICOS: expr • TK_SUMA expr
   26            | expr • TK_RESTA expr
   27            | expr • TK_MULTIPLICACION expr
   27            | expr TK_MULTIPLICACION expr •
   28            | expr • TK_DIVISION expr
   29            | expr • TK_MODULAR expr
   30 RELACIONALES: expr • TK_IGUAL_IGUAL expr
   31             | expr • TK_DIFERENTE expr
   32             | expr • TK_MAYOR_IGUAL expr
   33             | expr • TK_MENOR_IGUAL expr
   34             | expr • TK_MAYOR expr
   35             | expr • TK_MENOR expr
   36 LOGICOS: expr • TK_AND expr
   37        | expr • TK_OR expr

    $default  reduce usando la regla 27 (ARITMETICOS)


Estado 61

   25 ARITMETICOS: expr • TK_SUMA expr
   26            | expr • TK_RESTA expr
   27            | expr • TK_MULTIPLICACION expr
   28            | expr • TK_DIVISION expr
   28            | expr TK_DIVISION expr •
   29            | expr • TK_MODULAR expr
   30 RELACIONALES: expr • TK_IGUAL_IGUAL expr
   31             | expr • TK_DIFERENTE expr
   32             | expr • TK_MAYOR_IGUAL expr
   33             | expr • TK_MENOR_IGUAL expr
   34             | expr • TK_MAYOR expr
   35             | expr • TK_MENOR expr
   36 LOGICOS: expr • TK_AND expr
   37        | expr • TK_OR expr

    $default  reduce usando la regla 28 (ARITMETICOS)


Estado 62

   25 ARITMETICOS: expr • TK_SUMA expr
   26            | expr • TK_RESTA expr
   27            | expr • TK_MULTIPLICACION expr
   28            | expr • TK_DIVISION expr
   29            | expr • TK_MODULAR expr
   29            | expr TK_MODULAR expr •
   30 RELACIONALES: expr • TK_IGUAL_IGUAL expr
   31             | expr • TK_DIFERENTE expr
   32             | expr • TK_MAYOR_IGUAL expr
   33             | expr • TK_MENOR_IGUAL expr
   34             | expr • TK_MAYOR expr
   35             | expr • TK_MENOR expr
   36 LOGICOS: expr • TK_AND expr
   37        | expr • TK_OR expr

    $default  reduce usando la regla 29 (ARITMETICOS)


Estado 63

   25 ARITMETICOS: expr • TK_SUMA expr
   26            | expr • TK_RESTA expr
   27            | expr • TK_MULTIPLICACION expr
   28            | expr • TK_DIVISION expr
   29            | expr • TK_MODULAR expr
   30 RELACIONALES: expr • TK_IGUAL_IGUAL expr
   30             | expr TK_IGUAL_IGUAL expr •
   31             | expr • TK_DIFERENTE expr
   32             | expr • TK_MAYOR_IGUAL expr
   33             | expr • TK_MENOR_IGUAL expr
   34             | expr • TK_MAYOR expr
   35             | expr • TK_MENOR expr
   36 LOGICOS: expr • TK_AND expr
   37        | expr • TK_OR expr

    TK_SUMA            desplazar e ir al estado 42
    TK_RESTA           desplazar e ir al estado 43
    TK_MULTIPLICACION  desplazar e ir al estado 44
    TK_DIVISION        desplazar e ir al estado 45
    TK_MODULAR         desplazar e ir al estado 46

    $default  reduce usando la regla 30 (RELACIONALES)


Estado 64

   25 ARITMETICOS: expr • TK_SUMA expr
   26            | expr • TK_RESTA expr
   27            | expr • TK_MULTIPLICACION expr
   28            | expr • TK_DIVISION expr
   29            | expr • TK_MODULAR expr
   30 RELACIONALES: expr • TK_IGUAL_IGUAL expr
   31             | expr • TK_DIFERENTE expr
   31             | expr TK_DIFERENTE expr •
   32             | expr • TK_MAYOR_IGUAL expr
   33             | expr • TK_MENOR_IGUAL expr
   34             | expr • TK_MAYOR expr
   35             | expr • TK_MENOR expr
   36 LOGICOS: expr • TK_AND expr
   37        | expr • TK_OR expr

    TK_SUMA            desplazar e ir al estado 42
    TK_RESTA           desplazar e ir al estado 43
    TK_MULTIPLICACION  desplazar e ir al estado 44
    TK_DIVISION        desplazar e ir al estado 45
    TK_MODULAR         desplazar e ir al estado 46

    $default  reduce usando la regla 31 (RELACIONALES)


Estado 65

    8 DECLARACION: TK_FINAL TIPO ID TK_IGUAL expr •
   25 ARITMETICOS: expr • TK_SUMA expr
   26            | expr • TK_RESTA expr
   27            | expr • TK_MULTIPLICACION expr
   28            | expr • TK_DIVISION expr
   29            | expr • TK_MODULAR expr
   30 RELACIONALES: expr • TK_IGUAL_IGUAL expr
   31             | expr • TK_DIFERENTE expr
   32             | expr • TK_MAYOR_IGUAL expr
   33             | expr • TK_MENOR_IGUAL expr
   34             | expr • TK_MAYOR expr
   35             | expr • TK_MENOR expr
   36 LOGICOS: expr • TK_AND expr
   37        | expr • TK_OR expr

    TK_MAYOR           desplazar e ir al estado 36
    TK_MENOR           desplazar e ir al estado 37
    TK_MAYOR_IGUAL     desplazar e ir al estado 38
    TK_MENOR_IGUAL     desplazar e ir al estado 39
    TK_AND             desplazar e ir al estado 40
    TK_OR              desplazar e ir al estado 41
    TK_SUMA            desplazar e ir al estado 42
    TK_RESTA           desplazar e ir al estado 43
    TK_MULTIPLICACION  desplazar e ir al estado 44
    TK_DIVISION        desplazar e ir al estado 45
    TK_MODULAR         desplazar e ir al estado 46
    TK_IGUAL_IGUAL     desplazar e ir al estado 47
    TK_DIFERENTE       desplazar e ir al estado 48

    $default  reduce usando la regla 8 (DECLARACION)
